<?xml version="1.0" encoding="UTF-8"?>
<!-- Generated by org.testng.reporters.JUnitXMLReporter -->
<testsuite ignored="0" hostname="LAPTOP-NCMTQCEJ" failures="0" tests="6" name="Chrome test" time="22.838" errors="0" timestamp="2022-04-12T10:09:17 IST">
  <testcase classname="TestNGAssignments.AssignmentTestNG" name="verifyLoginIconDisplayed" time="0.076"/>
  <testcase classname="TestNGAssignments.AssignmentTestNG" name="verifyRemMeUnchecked" time="0.094"/>
  <testcase classname="TestNGAssignments.AssignmentTestNG" name="verifyLoginButtonColorNFont" time="0.053"/>
  <testcase classname="TestNGAssignments.AssignmentTestNG" name="verifyWelcomePageTitle" time="2.144"/>
  <testcase classname="TestNGAssignments.AssignmentTestNG" name="verifyLoggedUserName" time="2.147"/>
  <testcase classname="TestNGAssignments.AssignmentTestNG" name="verifyWorkerTabStatus" time="3.566"/>
</testsuite> <!-- Chrome test -->
