<?xml version="1.0" encoding="UTF-8"?>
<!-- Generated by org.testng.reporters.JUnitXMLReporter -->
<testsuite ignored="0" hostname="LAPTOP-NCMTQCEJ" failures="0" tests="6" name="Edge test" time="32.882" errors="0" timestamp="2022-04-12T10:09:50 IST">
  <testcase classname="TestNGAssignments.AssignmentTestNG" name="verifyLoginIconDisplayed" time="0.048"/>
  <testcase classname="TestNGAssignments.AssignmentTestNG" name="verifyRemMeUnchecked" time="0.102"/>
  <testcase classname="TestNGAssignments.AssignmentTestNG" name="verifyLoginButtonColorNFont" time="0.045"/>
  <testcase classname="TestNGAssignments.AssignmentTestNG" name="verifyWelcomePageTitle" time="2.2"/>
  <testcase classname="TestNGAssignments.AssignmentTestNG" name="verifyLoggedUserName" time="2.139"/>
  <testcase classname="TestNGAssignments.AssignmentTestNG" name="verifyWorkerTabStatus" time="2.99"/>
</testsuite> <!-- Edge test -->
